<?xml version="1.0" encoding="UTF-8"?>
<testsuite name="controller.TestHello" tests="1" skipped="0" failures="0" errors="0" timestamp="2017-03-25T10:52:50" hostname="liutongbindeMacBook-Pro.local" time="0.204">
  <properties/>
  <testcase name="greeting" classname="controller.TestHello" time="0.204"/>
  <system-out><![CDATA[18:52:40.970 [Test worker] DEBUG org.springframework.test.context.junit4.SpringJUnit4ClassRunner - SpringJUnit4ClassRunner constructor called with [class controller.TestHello]
18:52:40.979 [Test worker] DEBUG org.springframework.test.context.BootstrapUtils - Instantiating CacheAwareContextLoaderDelegate from class [org.springframework.test.context.cache.DefaultCacheAwareContextLoaderDelegate]
18:52:40.995 [Test worker] DEBUG org.springframework.test.context.BootstrapUtils - Instantiating BootstrapContext using constructor [public org.springframework.test.context.support.DefaultBootstrapContext(java.lang.Class,org.springframework.test.context.CacheAwareContextLoaderDelegate)]
18:52:41.021 [Test worker] DEBUG org.springframework.test.context.BootstrapUtils - Instantiating TestContextBootstrapper for test class [controller.TestHello] from class [org.springframework.boot.test.context.SpringBootTestContextBootstrapper]
18:52:41.037 [Test worker] INFO org.springframework.boot.test.context.SpringBootTestContextBootstrapper - Neither @ContextConfiguration nor @ContextHierarchy found for test class [controller.TestHello], using SpringBootContextLoader
18:52:41.041 [Test worker] DEBUG org.springframework.test.context.support.AbstractContextLoader - Did not detect default resource location for test class [controller.TestHello]: class path resource [controller/TestHello-context.xml] does not exist
18:52:41.042 [Test worker] DEBUG org.springframework.test.context.support.AbstractContextLoader - Did not detect default resource location for test class [controller.TestHello]: class path resource [controller/TestHelloContext.groovy] does not exist
18:52:41.043 [Test worker] INFO org.springframework.test.context.support.AbstractContextLoader - Could not detect default resource locations for test class [controller.TestHello]: no resource found for suffixes {-context.xml, Context.groovy}.
18:52:41.158 [Test worker] DEBUG org.springframework.test.context.support.ActiveProfilesUtils - Could not find an 'annotation declaring class' for annotation type [org.springframework.test.context.ActiveProfiles] and class [controller.TestHello]
18:52:41.181 [Test worker] DEBUG org.springframework.boot.test.context.SpringBootTestContextBootstrapper - @TestExecutionListeners is not present for class [controller.TestHello]: using defaults.
18:52:41.186 [Test worker] INFO org.springframework.boot.test.context.SpringBootTestContextBootstrapper - Loaded default TestExecutionListener class names from location [META-INF/spring.factories]: [org.springframework.boot.test.mock.mockito.MockitoTestExecutionListener, org.springframework.boot.test.mock.mockito.ResetMocksTestExecutionListener, org.springframework.boot.test.autoconfigure.restdocs.RestDocsTestExecutionListener, org.springframework.boot.test.autoconfigure.web.client.MockRestServiceServerResetTestExecutionListener, org.springframework.boot.test.autoconfigure.web.servlet.MockMvcPrintOnlyOnFailureTestExecutionListener, org.springframework.boot.test.autoconfigure.web.servlet.WebDriverTestExecutionListener, org.springframework.test.context.web.ServletTestExecutionListener, org.springframework.test.context.support.DirtiesContextBeforeModesTestExecutionListener, org.springframework.test.context.support.DependencyInjectionTestExecutionListener, org.springframework.test.context.support.DirtiesContextTestExecutionListener, org.springframework.test.context.transaction.TransactionalTestExecutionListener, org.springframework.test.context.jdbc.SqlScriptsTestExecutionListener]
18:52:41.202 [Test worker] INFO org.springframework.boot.test.context.SpringBootTestContextBootstrapper - Could not instantiate TestExecutionListener [org.springframework.test.context.transaction.TransactionalTestExecutionListener]. Specify custom listener classes or make the default listener classes (and their required dependencies) available. Offending class: [org/springframework/transaction/interceptor/TransactionAttributeSource]
18:52:41.204 [Test worker] INFO org.springframework.boot.test.context.SpringBootTestContextBootstrapper - Could not instantiate TestExecutionListener [org.springframework.test.context.jdbc.SqlScriptsTestExecutionListener]. Specify custom listener classes or make the default listener classes (and their required dependencies) available. Offending class: [org/springframework/transaction/interceptor/TransactionAttribute]
18:52:41.205 [Test worker] INFO org.springframework.boot.test.context.SpringBootTestContextBootstrapper - Using TestExecutionListeners: [org.springframework.test.context.web.ServletTestExecutionListener@694b25c, org.springframework.test.context.support.DirtiesContextBeforeModesTestExecutionListener@72d9ac57, org.springframework.boot.test.autoconfigure.SpringBootDependencyInjectionTestExecutionListener@4ab61326, org.springframework.test.context.support.DirtiesContextTestExecutionListener@1869184b, org.springframework.boot.test.mock.mockito.ResetMocksTestExecutionListener@3bcc5f48, org.springframework.boot.test.autoconfigure.web.servlet.MockMvcPrintOnlyOnFailureTestExecutionListener@4c8f772, org.springframework.boot.test.mock.mockito.MockitoTestExecutionListener@7e1debee, org.springframework.boot.test.autoconfigure.web.servlet.WebDriverTestExecutionListener@2e660f26, org.springframework.boot.test.autoconfigure.restdocs.RestDocsTestExecutionListener@770933bd, org.springframework.boot.test.autoconfigure.web.client.MockRestServiceServerResetTestExecutionListener@34b93949]
18:52:41.208 [Test worker] DEBUG org.springframework.test.annotation.ProfileValueUtils - Retrieved @ProfileValueSourceConfiguration [null] for test class [controller.TestHello]
18:52:41.209 [Test worker] DEBUG org.springframework.test.annotation.ProfileValueUtils - Retrieved ProfileValueSource type [class org.springframework.test.annotation.SystemProfileValueSource] for class [controller.TestHello]
18:52:41.210 [Test worker] DEBUG org.springframework.test.annotation.ProfileValueUtils - Retrieved @ProfileValueSourceConfiguration [null] for test class [controller.TestHello]
18:52:41.210 [Test worker] DEBUG org.springframework.test.annotation.ProfileValueUtils - Retrieved ProfileValueSource type [class org.springframework.test.annotation.SystemProfileValueSource] for class [controller.TestHello]
18:52:41.216 [Test worker] DEBUG org.springframework.test.context.support.AbstractDirtiesContextTestExecutionListener - Before test class: context [DefaultTestContext@4b6abee4 testClass = TestHello, testInstance = [null], testMethod = [null], testException = [null], mergedContextConfiguration = [WebMergedContextConfiguration@4c123c18 testClass = TestHello, locations = '{}', classes = '{class com.tourguide.Application, class com.tourguide.Application}', contextInitializerClasses = '[]', activeProfiles = '{}', propertySourceLocations = '{}', propertySourceProperties = '{org.springframework.boot.test.context.SpringBootTestContextBootstrapper=true}', contextCustomizers = set[[ImportsContextCustomizer@2c8b0797 key = [org.springframework.boot.test.autoconfigure.web.servlet.MockMvcAutoConfiguration, org.springframework.boot.test.autoconfigure.web.servlet.MockMvcSecurityAutoConfiguration, org.springframework.boot.test.autoconfigure.web.servlet.MockMvcWebClientAutoConfiguration, org.springframework.boot.test.autoconfigure.web.servlet.MockMvcWebDriverAutoConfiguration, Package Import controller]], org.springframework.boot.test.context.SpringBootTestContextCustomizer@28aa8ba7, org.springframework.boot.test.context.filter.ExcludeFilterContextCustomizer@4c007264, org.springframework.boot.test.mock.mockito.MockitoContextCustomizer@0, org.springframework.boot.test.autoconfigure.properties.PropertyMappingContextCustomizer@e7e8512, org.springframework.boot.test.autoconfigure.web.servlet.WebDriverContextCustomizerFactory$Customizer@177fbc42], resourceBasePath = 'src/main/webapp', contextLoader = 'org.springframework.boot.test.context.SpringBootContextLoader', parent = [null]]], class annotated with @DirtiesContext [false] with mode [null].
18:52:41.217 [Test worker] DEBUG org.springframework.test.annotation.ProfileValueUtils - Retrieved @ProfileValueSourceConfiguration [null] for test class [controller.TestHello]
18:52:41.217 [Test worker] DEBUG org.springframework.test.annotation.ProfileValueUtils - Retrieved ProfileValueSource type [class org.springframework.test.annotation.SystemProfileValueSource] for class [controller.TestHello]
18:52:41.285 [Test worker] DEBUG org.springframework.core.env.StandardEnvironment - Adding [systemProperties] PropertySource with lowest search precedence
18:52:41.286 [Test worker] DEBUG org.springframework.core.env.StandardEnvironment - Adding [systemEnvironment] PropertySource with lowest search precedence
18:52:41.286 [Test worker] DEBUG org.springframework.core.env.StandardEnvironment - Initialized StandardEnvironment with PropertySources [systemProperties,systemEnvironment]
18:52:41.290 [Test worker] DEBUG org.springframework.core.env.MutablePropertySources - Adding [inline] PropertySource with highest search precedence
18:52:41.296 [Test worker] DEBUG org.springframework.test.context.support.TestPropertySourceUtils - Adding inlined properties to environment: {spring.jmx.enabled=false, org.springframework.boot.test.context.SpringBootTestContextBootstrapper=true, server.port=-1}
18:52:41.297 [Test worker] DEBUG org.springframework.core.env.StandardEnvironment - Adding [Inlined Test Properties] PropertySource with highest search precedence

  .   ____          _            __ _ _
 /\\ / ___'_ __ _ _(_)_ __  __ _ \ \ \ \
( ( )\___ | '_ | '_| | '_ \/ _` | \ \ \ \
 \\/  ___)| |_)| | | | | || (_| |  ) ) ) )
  '  |____| .__|_| |_|_| |_\__, | / / / /
 =========|_|==============|___/=/_/_/_/
 :: Spring Boot ::        (v1.5.2.RELEASE)

2017-03-25 18:52:41.914  INFO 33282 --- [    Test worker] controller.TestHello                     : Starting TestHello on liutongbindeMacBook-Pro.local with PID 33282 (started by liutongbin in /Users/liutongbin/myspace/tourguide)
2017-03-25 18:52:41.917  INFO 33282 --- [    Test worker] controller.TestHello                     : No active profile set, falling back to default profiles: default
2017-03-25 18:52:41.950  INFO 33282 --- [    Test worker] o.s.w.c.s.GenericWebApplicationContext   : Refreshing org.springframework.web.context.support.GenericWebApplicationContext@74d8a01f: startup date [Sat Mar 25 18:52:41 CST 2017]; root of context hierarchy
2017-03-25 18:52:47.089  INFO 33282 --- [    Test worker] o.s.b.t.m.w.SpringBootMockServletContext : Initializing Spring FrameworkServlet ''
2017-03-25 18:52:47.090  INFO 33282 --- [    Test worker] o.s.t.web.servlet.TestDispatcherServlet  : FrameworkServlet '': initialization started
2017-03-25 18:52:47.860  INFO 33282 --- [    Test worker] s.w.s.m.m.a.RequestMappingHandlerMapping : Mapped "{[/]}" onto public java.lang.String com.tourguide.controller.HelloController.index()
2017-03-25 18:52:47.872  INFO 33282 --- [    Test worker] s.w.s.m.m.a.RequestMappingHandlerMapping : Mapped "{[/error]}" onto public org.springframework.http.ResponseEntity<java.util.Map<java.lang.String, java.lang.Object>> org.springframework.boot.autoconfigure.web.BasicErrorController.error(javax.servlet.http.HttpServletRequest)
2017-03-25 18:52:47.872  INFO 33282 --- [    Test worker] s.w.s.m.m.a.RequestMappingHandlerMapping : Mapped "{[/error],produces=[text/html]}" onto public org.springframework.web.servlet.ModelAndView org.springframework.boot.autoconfigure.web.BasicErrorController.errorHtml(javax.servlet.http.HttpServletRequest,javax.servlet.http.HttpServletResponse)
2017-03-25 18:52:47.991  INFO 33282 --- [    Test worker] o.s.w.s.handler.SimpleUrlHandlerMapping  : Mapped URL path [/webjars/**] onto handler of type [class org.springframework.web.servlet.resource.ResourceHttpRequestHandler]
2017-03-25 18:52:47.993  INFO 33282 --- [    Test worker] o.s.w.s.handler.SimpleUrlHandlerMapping  : Mapped URL path [/**] onto handler of type [class org.springframework.web.servlet.resource.ResourceHttpRequestHandler]
2017-03-25 18:52:48.066  INFO 33282 --- [    Test worker] o.s.w.s.handler.SimpleUrlHandlerMapping  : Mapped URL path [/**/favicon.ico] onto handler of type [class org.springframework.web.servlet.resource.ResourceHttpRequestHandler]
2017-03-25 18:52:48.728  INFO 33282 --- [    Test worker] o.s.b.a.e.mvc.EndpointHandlerMapping     : Mapped "{[/loggers/{name:.*}],methods=[GET],produces=[application/vnd.spring-boot.actuator.v1+json || application/json]}" onto public java.lang.Object org.springframework.boot.actuate.endpoint.mvc.LoggersMvcEndpoint.get(java.lang.String)
2017-03-25 18:52:48.729  INFO 33282 --- [    Test worker] o.s.b.a.e.mvc.EndpointHandlerMapping     : Mapped "{[/loggers/{name:.*}],methods=[POST],consumes=[application/vnd.spring-boot.actuator.v1+json || application/json],produces=[application/vnd.spring-boot.actuator.v1+json || application/json]}" onto public java.lang.Object org.springframework.boot.actuate.endpoint.mvc.LoggersMvcEndpoint.set(java.lang.String,java.util.Map<java.lang.String, java.lang.String>)
2017-03-25 18:52:48.729  INFO 33282 --- [    Test worker] o.s.b.a.e.mvc.EndpointHandlerMapping     : Mapped "{[/loggers || /loggers.json],methods=[GET],produces=[application/vnd.spring-boot.actuator.v1+json || application/json]}" onto public java.lang.Object org.springframework.boot.actuate.endpoint.mvc.EndpointMvcAdapter.invoke()
2017-03-25 18:52:48.730  INFO 33282 --- [    Test worker] o.s.b.a.e.mvc.EndpointHandlerMapping     : Mapped "{[/configprops || /configprops.json],methods=[GET],produces=[application/vnd.spring-boot.actuator.v1+json || application/json]}" onto public java.lang.Object org.springframework.boot.actuate.endpoint.mvc.EndpointMvcAdapter.invoke()
2017-03-25 18:52:48.732  INFO 33282 --- [    Test worker] o.s.b.a.e.mvc.EndpointHandlerMapping     : Mapped "{[/autoconfig || /autoconfig.json],methods=[GET],produces=[application/vnd.spring-boot.actuator.v1+json || application/json]}" onto public java.lang.Object org.springframework.boot.actuate.endpoint.mvc.EndpointMvcAdapter.invoke()
2017-03-25 18:52:48.733  INFO 33282 --- [    Test worker] o.s.b.a.e.mvc.EndpointHandlerMapping     : Mapped "{[/trace || /trace.json],methods=[GET],produces=[application/vnd.spring-boot.actuator.v1+json || application/json]}" onto public java.lang.Object org.springframework.boot.actuate.endpoint.mvc.EndpointMvcAdapter.invoke()
2017-03-25 18:52:48.735  INFO 33282 --- [    Test worker] o.s.b.a.e.mvc.EndpointHandlerMapping     : Mapped "{[/auditevents || /auditevents.json],methods=[GET],produces=[application/vnd.spring-boot.actuator.v1+json || application/json]}" onto public org.springframework.http.ResponseEntity<?> org.springframework.boot.actuate.endpoint.mvc.AuditEventsMvcEndpoint.findByPrincipalAndAfterAndType(java.lang.String,java.util.Date,java.lang.String)
2017-03-25 18:52:48.741  INFO 33282 --- [    Test worker] o.s.b.a.e.mvc.EndpointHandlerMapping     : Mapped "{[/health || /health.json],methods=[GET],produces=[application/vnd.spring-boot.actuator.v1+json || application/json]}" onto public java.lang.Object org.springframework.boot.actuate.endpoint.mvc.HealthMvcEndpoint.invoke(javax.servlet.http.HttpServletRequest,java.security.Principal)
2017-03-25 18:52:48.749  INFO 33282 --- [    Test worker] o.s.b.a.e.mvc.EndpointHandlerMapping     : Mapped "{[/beans || /beans.json],methods=[GET],produces=[application/vnd.spring-boot.actuator.v1+json || application/json]}" onto public java.lang.Object org.springframework.boot.actuate.endpoint.mvc.EndpointMvcAdapter.invoke()
2017-03-25 18:52:48.772  INFO 33282 --- [    Test worker] o.s.b.a.e.mvc.EndpointHandlerMapping     : Mapped "{[/env/{name:.*}],methods=[GET],produces=[application/vnd.spring-boot.actuator.v1+json || application/json]}" onto public java.lang.Object org.springframework.boot.actuate.endpoint.mvc.EnvironmentMvcEndpoint.value(java.lang.String)
2017-03-25 18:52:48.775  INFO 33282 --- [    Test worker] o.s.b.a.e.mvc.EndpointHandlerMapping     : Mapped "{[/env || /env.json],methods=[GET],produces=[application/vnd.spring-boot.actuator.v1+json || application/json]}" onto public java.lang.Object org.springframework.boot.actuate.endpoint.mvc.EndpointMvcAdapter.invoke()
2017-03-25 18:52:48.780  INFO 33282 --- [    Test worker] o.s.b.a.e.mvc.EndpointHandlerMapping     : Mapped "{[/heapdump || /heapdump.json],methods=[GET],produces=[application/octet-stream]}" onto public void org.springframework.boot.actuate.endpoint.mvc.HeapdumpMvcEndpoint.invoke(boolean,javax.servlet.http.HttpServletRequest,javax.servlet.http.HttpServletResponse) throws java.io.IOException,javax.servlet.ServletException
2017-03-25 18:52:48.783  INFO 33282 --- [    Test worker] o.s.b.a.e.mvc.EndpointHandlerMapping     : Mapped "{[/metrics/{name:.*}],methods=[GET],produces=[application/vnd.spring-boot.actuator.v1+json || application/json]}" onto public java.lang.Object org.springframework.boot.actuate.endpoint.mvc.MetricsMvcEndpoint.value(java.lang.String)
2017-03-25 18:52:48.783  INFO 33282 --- [    Test worker] o.s.b.a.e.mvc.EndpointHandlerMapping     : Mapped "{[/metrics || /metrics.json],methods=[GET],produces=[application/vnd.spring-boot.actuator.v1+json || application/json]}" onto public java.lang.Object org.springframework.boot.actuate.endpoint.mvc.EndpointMvcAdapter.invoke()
2017-03-25 18:52:48.791  INFO 33282 --- [    Test worker] o.s.b.a.e.mvc.EndpointHandlerMapping     : Mapped "{[/info || /info.json],methods=[GET],produces=[application/vnd.spring-boot.actuator.v1+json || application/json]}" onto public java.lang.Object org.springframework.boot.actuate.endpoint.mvc.EndpointMvcAdapter.invoke()
2017-03-25 18:52:48.793  INFO 33282 --- [    Test worker] o.s.b.a.e.mvc.EndpointHandlerMapping     : Mapped "{[/dump || /dump.json],methods=[GET],produces=[application/vnd.spring-boot.actuator.v1+json || application/json]}" onto public java.lang.Object org.springframework.boot.actuate.endpoint.mvc.EndpointMvcAdapter.invoke()
2017-03-25 18:52:48.794  INFO 33282 --- [    Test worker] o.s.b.a.e.mvc.EndpointHandlerMapping     : Mapped "{[/mappings || /mappings.json],methods=[GET],produces=[application/vnd.spring-boot.actuator.v1+json || application/json]}" onto public java.lang.Object org.springframework.boot.actuate.endpoint.mvc.EndpointMvcAdapter.invoke()
2017-03-25 18:52:48.872  INFO 33282 --- [    Test worker] s.w.s.m.m.a.RequestMappingHandlerAdapter : Looking for @ControllerAdvice: org.springframework.web.context.support.GenericWebApplicationContext@74d8a01f: startup date [Sat Mar 25 18:52:41 CST 2017]; root of context hierarchy
2017-03-25 18:52:49.369  INFO 33282 --- [    Test worker] o.s.t.web.servlet.TestDispatcherServlet  : FrameworkServlet '': initialization completed in 2278 ms
Let's inspect the beans provided by Spring Boot:
beanName:actuatorMetricReader
beanName:application
beanName:applicationContextIdFilter
beanName:auditEventMvcEndpoint
beanName:auditEventRepository
beanName:auditListener
beanName:autoConfigurationReportEndpoint
beanName:basicErrorController
beanName:beanNameHandlerMapping
beanName:beanNameViewResolver
beanName:beansEndpoint
beanName:characterEncodingFilter
beanName:commandLineRunner
beanName:configurationPropertiesReportEndpoint
beanName:conventionErrorViewResolver
beanName:counterBuffers
beanName:counterService
beanName:defaultServletHandlerMapping
beanName:defaultViewResolver
beanName:diskSpaceHealthIndicator
beanName:diskSpaceHealthIndicatorProperties
beanName:dispatcherServlet
beanName:dispatcherServletRegistration
beanName:dumpEndpoint
beanName:duplicateServerPropertiesDetector
beanName:embeddedServletContainerCustomizerBeanPostProcessor
beanName:endpointHandlerMapping
beanName:endpoints-org.springframework.boot.actuate.endpoint.EndpointProperties
beanName:endpoints.cors-org.springframework.boot.actuate.autoconfigure.EndpointCorsProperties
beanName:endpoints.health-org.springframework.boot.actuate.autoconfigure.HealthMvcEndpointProperties
beanName:endpoints.metrics.filter-org.springframework.boot.actuate.autoconfigure.MetricFilterProperties
beanName:envInfoContributor
beanName:environmentEndpoint
beanName:environmentMvcEndpoint
beanName:error
beanName:errorAttributes
beanName:errorPageCustomizer
beanName:errorPageRegistrarBeanPostProcessor
beanName:faviconHandlerMapping
beanName:faviconRequestHandler
beanName:gaugeBuffers
beanName:gaugeService
beanName:handlerExceptionResolver
beanName:healthAggregator
beanName:healthEndpoint
beanName:healthMvcEndpoint
beanName:heapdumpMvcEndpoint
beanName:helloController
beanName:hiddenHttpMethodFilter
beanName:httpPutFormContentFilter
beanName:httpRequestHandlerAdapter
beanName:infoEndpoint
beanName:jacksonObjectMapper
beanName:jacksonObjectMapperBuilder
beanName:jsonComponentModule
beanName:jsr303Validator
beanName:localeCharsetMappingsCustomizer
beanName:loggersEndpoint
beanName:loggersMvcEndpoint
beanName:management.health.status-org.springframework.boot.actuate.autoconfigure.HealthIndicatorProperties
beanName:management.info-org.springframework.boot.actuate.autoconfigure.InfoContributorProperties
beanName:management.trace-org.springframework.boot.actuate.trace.TraceProperties
beanName:managementContextResolver
beanName:managementServerProperties
beanName:managementServletContext
beanName:mappingJackson2HttpMessageConverter
beanName:messageConverters
beanName:methodValidationPostProcessor
beanName:metricReaderPublicMetrics
beanName:metricWritersMetricExporter
beanName:metricsEndpoint
beanName:metricsFilter
beanName:metricsMvcEndpoint
beanName:mockMvc
beanName:mockMvcBuilder
beanName:multipartConfigElement
beanName:multipartResolver
beanName:mvcContentNegotiationManager
beanName:mvcConversionService
beanName:mvcEndpoints
beanName:mvcPathMatcher
beanName:mvcResourceUrlProvider
beanName:mvcUriComponentsContributor
beanName:mvcUrlPathHelper
beanName:mvcValidator
beanName:mvcViewResolver
beanName:org.springframework.boot.actuate.autoconfigure.AuditAutoConfiguration
beanName:org.springframework.boot.actuate.autoconfigure.AuditAutoConfiguration$AuditEventRepositoryConfiguration
beanName:org.springframework.boot.actuate.autoconfigure.EndpointAutoConfiguration
beanName:org.springframework.boot.actuate.autoconfigure.EndpointAutoConfiguration$RequestMappingEndpointConfiguration
beanName:org.springframework.boot.actuate.autoconfigure.EndpointWebMvcAutoConfiguration
beanName:org.springframework.boot.actuate.autoconfigure.EndpointWebMvcAutoConfiguration$ApplicationContextFilterConfiguration
beanName:org.springframework.boot.actuate.autoconfigure.EndpointWebMvcAutoConfiguration$EndpointWebMvcConfiguration
beanName:org.springframework.boot.actuate.autoconfigure.EndpointWebMvcManagementContextConfiguration
beanName:org.springframework.boot.actuate.autoconfigure.HealthIndicatorAutoConfiguration
beanName:org.springframework.boot.actuate.autoconfigure.HealthIndicatorAutoConfiguration$DiskSpaceHealthIndicatorConfiguration
beanName:org.springframework.boot.actuate.autoconfigure.InfoContributorAutoConfiguration
beanName:org.springframework.boot.actuate.autoconfigure.ManagementServerPropertiesAutoConfiguration
beanName:org.springframework.boot.actuate.autoconfigure.MetricExportAutoConfiguration
beanName:org.springframework.boot.actuate.autoconfigure.MetricExportAutoConfiguration$MetricExportPropertiesConfiguration
beanName:org.springframework.boot.actuate.autoconfigure.MetricExportAutoConfiguration$StatsdConfiguration
beanName:org.springframework.boot.actuate.autoconfigure.MetricFilterAutoConfiguration
beanName:org.springframework.boot.actuate.autoconfigure.MetricRepositoryAutoConfiguration
beanName:org.springframework.boot.actuate.autoconfigure.MetricRepositoryAutoConfiguration$FastMetricServicesConfiguration
beanName:org.springframework.boot.actuate.autoconfigure.PublicMetricsAutoConfiguration
beanName:org.springframework.boot.actuate.autoconfigure.PublicMetricsAutoConfiguration$TomcatMetricsConfiguration
beanName:org.springframework.boot.actuate.autoconfigure.TraceRepositoryAutoConfiguration
beanName:org.springframework.boot.actuate.autoconfigure.TraceWebFilterAutoConfiguration
beanName:org.springframework.boot.autoconfigure.AutoConfigurationPackages
beanName:org.springframework.boot.autoconfigure.condition.BeanTypeRegistry
beanName:org.springframework.boot.autoconfigure.context.ConfigurationPropertiesAutoConfiguration
beanName:org.springframework.boot.autoconfigure.context.PropertyPlaceholderAutoConfiguration
beanName:org.springframework.boot.autoconfigure.info.ProjectInfoAutoConfiguration
beanName:org.springframework.boot.autoconfigure.internalCachingMetadataReaderFactory
beanName:org.springframework.boot.autoconfigure.jackson.JacksonAutoConfiguration
beanName:org.springframework.boot.autoconfigure.jackson.JacksonAutoConfiguration$Jackson2ObjectMapperBuilderCustomizerConfiguration
beanName:org.springframework.boot.autoconfigure.jackson.JacksonAutoConfiguration$JacksonObjectMapperBuilderConfiguration
beanName:org.springframework.boot.autoconfigure.jackson.JacksonAutoConfiguration$JacksonObjectMapperConfiguration
beanName:org.springframework.boot.autoconfigure.validation.ValidationAutoConfiguration
beanName:org.springframework.boot.autoconfigure.web.DispatcherServletAutoConfiguration
beanName:org.springframework.boot.autoconfigure.web.DispatcherServletAutoConfiguration$DispatcherServletConfiguration
beanName:org.springframework.boot.autoconfigure.web.DispatcherServletAutoConfiguration$DispatcherServletRegistrationConfiguration
beanName:org.springframework.boot.autoconfigure.web.EmbeddedServletContainerAutoConfiguration
beanName:org.springframework.boot.autoconfigure.web.EmbeddedServletContainerAutoConfiguration$EmbeddedTomcat
beanName:org.springframework.boot.autoconfigure.web.ErrorMvcAutoConfiguration
beanName:org.springframework.boot.autoconfigure.web.ErrorMvcAutoConfiguration$DefaultErrorViewResolverConfiguration
beanName:org.springframework.boot.autoconfigure.web.ErrorMvcAutoConfiguration$WhitelabelErrorViewConfiguration
beanName:org.springframework.boot.autoconfigure.web.HttpEncodingAutoConfiguration
beanName:org.springframework.boot.autoconfigure.web.HttpMessageConvertersAutoConfiguration
beanName:org.springframework.boot.autoconfigure.web.HttpMessageConvertersAutoConfiguration$StringHttpMessageConverterConfiguration
beanName:org.springframework.boot.autoconfigure.web.JacksonHttpMessageConvertersConfiguration
beanName:org.springframework.boot.autoconfigure.web.JacksonHttpMessageConvertersConfiguration$MappingJackson2HttpMessageConverterConfiguration
beanName:org.springframework.boot.autoconfigure.web.MultipartAutoConfiguration
beanName:org.springframework.boot.autoconfigure.web.ServerPropertiesAutoConfiguration
beanName:org.springframework.boot.autoconfigure.web.WebClientAutoConfiguration
beanName:org.springframework.boot.autoconfigure.web.WebClientAutoConfiguration$RestTemplateConfiguration
beanName:org.springframework.boot.autoconfigure.web.WebMvcAutoConfiguration
beanName:org.springframework.boot.autoconfigure.web.WebMvcAutoConfiguration$EnableWebMvcConfiguration
beanName:org.springframework.boot.autoconfigure.web.WebMvcAutoConfiguration$WebMvcAutoConfigurationAdapter
beanName:org.springframework.boot.autoconfigure.web.WebMvcAutoConfiguration$WebMvcAutoConfigurationAdapter$FaviconConfiguration
beanName:org.springframework.boot.autoconfigure.websocket.WebSocketAutoConfiguration
beanName:org.springframework.boot.autoconfigure.websocket.WebSocketAutoConfiguration$TomcatWebSocketConfiguration
beanName:org.springframework.boot.context.properties.ConfigurationPropertiesBindingPostProcessor
beanName:org.springframework.boot.context.properties.ConfigurationPropertiesBindingPostProcessor.store
beanName:org.springframework.boot.test.autoconfigure.web.servlet.MockMvcAutoConfiguration
beanName:org.springframework.boot.test.autoconfigure.web.servlet.MockMvcSecurityAutoConfiguration
beanName:org.springframework.boot.test.context.ImportsContextCustomizer$ImportsCleanupPostProcessor
beanName:org.springframework.boot.test.mock.mockito.MockitoPostProcessor
beanName:org.springframework.boot.test.mock.mockito.MockitoPostProcessor$SpyPostProcessor
beanName:org.springframework.context.annotation.internalAutowiredAnnotationProcessor
beanName:org.springframework.context.annotation.internalCommonAnnotationProcessor
beanName:org.springframework.context.annotation.internalConfigurationAnnotationProcessor
beanName:org.springframework.context.annotation.internalRequiredAnnotationProcessor
beanName:org.springframework.context.annotation.internalScheduledAnnotationProcessor
beanName:org.springframework.context.event.internalEventListenerFactory
beanName:org.springframework.context.event.internalEventListenerProcessor
beanName:org.springframework.scheduling.annotation.SchedulingConfiguration
beanName:preserveErrorControllerTargetClassPostProcessor
beanName:propertySourcesPlaceholderConfigurer
beanName:requestContextFilter
beanName:requestMappingEndpoint
beanName:requestMappingHandlerAdapter
beanName:requestMappingHandlerMapping
beanName:resourceHandlerMapping
beanName:restTemplateBuilder
beanName:serverProperties
beanName:shutdownEndpoint
beanName:simpleControllerHandlerAdapter
beanName:spring.http.encoding-org.springframework.boot.autoconfigure.web.HttpEncodingProperties
beanName:spring.http.multipart-org.springframework.boot.autoconfigure.web.MultipartProperties
beanName:spring.info-org.springframework.boot.autoconfigure.info.ProjectInfoProperties
beanName:spring.jackson-org.springframework.boot.autoconfigure.jackson.JacksonProperties
beanName:spring.metrics.export-org.springframework.boot.actuate.metrics.export.MetricExportProperties
beanName:spring.mvc-org.springframework.boot.autoconfigure.web.WebMvcProperties
beanName:spring.resources-org.springframework.boot.autoconfigure.web.ResourceProperties
beanName:springBootMockMvcBuilderCustomizer
beanName:standardJacksonObjectMapperBuilderCustomizer
beanName:stringHttpMessageConverter
beanName:systemPublicMetrics
beanName:tomcatEmbeddedServletContainerFactory
beanName:tomcatPublicMetrics
beanName:traceEndpoint
beanName:traceRepository
beanName:viewControllerHandlerMapping
beanName:viewResolver
beanName:webRequestLoggingFilter
beanName:websocketContainerCustomizer
beanName:welcomePageHandlerMapping
2017-03-25 18:52:50.565  INFO 33282 --- [    Test worker] controller.TestHello                     : Started TestHello in 9.256 seconds (JVM running for 10.646)
]]></system-out>
  <system-err><![CDATA[]]></system-err>
</testsuite>
